Removed Pin From Net: NetName=NetC1_1 Pin=J1-1
Removed Pin From Net: NetName=NetC2_1 Pin=J1-2
Removed Pin From Net: NetName=NetC3_1 Pin=J1-3
Removed Pin From Net: NetName=GND Pin=J1-5
Removed Pin From Net: NetName=GND Pin=J1-7
Removed Pin From Net: NetName=GND Pin=J1-8
Removed Pin From Net: NetName=GND Pin=J1-9
Removed Pin From Net: NetName=GND Pin=J1-10
Removed Pin From Net: NetName=GND Pin=J1-11
Removed Pin From Net: NetName=GND Pin=J1-11
Removed Member From Class: ClassName=2002_A_CapteurMeteoWifi Member=J1
Change Component Designator: OldDesignator=VCC NewDesignator=TP2
Change Component Designator: OldDesignator=VUSB NewDesignator=TP1
Added Component: Designator=J?(Molex_105164-0001_0)
Add component. Clean all parameters for all variants
Add component (AddParameter): Name = "Supplier 1"; Value = "Mouser"; VariantName = "[No Variations]"
Add component (AddParameter): Name = "Supplier Part Number 1"; Value = "538-105164-0001"; VariantName = "[No Variations]"
Added Pin To Net: NetName=NetC1_1 Pin=J?-1
Added Pin To Net: NetName=NetC2_1 Pin=J?-2
Added Pin To Net: NetName=NetC3_1 Pin=J?-3
Added Pin To Net: NetName=GND Pin=J?-5
Added Pin To Net: NetName=GND Pin=J?-7
Added Pin To Net: NetName=GND Pin=J?-8
Added Pin To Net: NetName=GND Pin=J?-9
Added Pin To Net: NetName=GND Pin=J?-10
Added Pin To Net: NetName=GND Pin=J?-11
Added Pin To Net: NetName=GND Pin=J?-11
Added Member To Class: ClassName=2002_A_CapteurMeteoWifi Member=Component J5 SEN-14193
Added Member To Class: ClassName=2002_A_CapteurMeteoWifi Member=Component J? 105164-0001
Added Room: Name=2002_A_CapteurMeteoWifi
