Replace Part C1 Condensator in C:\Users\dierickenbach\Dropbox\ETML-ES\Travail de Diplôme\2002_CapteurMeteoWifi\hard\2002_A_CapteurMeteoWifi\Schematics\2002_A_CapteurMeteoWifi.SchDoc with Condensator from 2002_CapteurMeteoWifi.SchLib
Replace Part C2 Condensator in C:\Users\dierickenbach\Dropbox\ETML-ES\Travail de Diplôme\2002_CapteurMeteoWifi\hard\2002_A_CapteurMeteoWifi\Schematics\2002_A_CapteurMeteoWifi.SchDoc with Condensator from 2002_CapteurMeteoWifi.SchLib
Replace Part C3 Condensator in C:\Users\dierickenbach\Dropbox\ETML-ES\Travail de Diplôme\2002_CapteurMeteoWifi\hard\2002_A_CapteurMeteoWifi\Schematics\2002_A_CapteurMeteoWifi.SchDoc with Condensator from 2002_CapteurMeteoWifi.SchLib
Replace Part C4 Condensator in C:\Users\dierickenbach\Dropbox\ETML-ES\Travail de Diplôme\2002_CapteurMeteoWifi\hard\2002_A_CapteurMeteoWifi\Schematics\2002_A_CapteurMeteoWifi.SchDoc with Condensator from 2002_CapteurMeteoWifi.SchLib
Replace Part C5 Condensator in C:\Users\dierickenbach\Dropbox\ETML-ES\Travail de Diplôme\2002_CapteurMeteoWifi\hard\2002_A_CapteurMeteoWifi\Schematics\2002_A_CapteurMeteoWifi.SchDoc with Condensator from 2002_CapteurMeteoWifi.SchLib
Replace Part C6 Condensator in C:\Users\dierickenbach\Dropbox\ETML-ES\Travail de Diplôme\2002_CapteurMeteoWifi\hard\2002_A_CapteurMeteoWifi\Schematics\2002_A_CapteurMeteoWifi.SchDoc with Condensator from 2002_CapteurMeteoWifi.SchLib
Replace Part C7 Condensator in C:\Users\dierickenbach\Dropbox\ETML-ES\Travail de Diplôme\2002_CapteurMeteoWifi\hard\2002_A_CapteurMeteoWifi\Schematics\2002_A_CapteurMeteoWifi.SchDoc with Condensator from 2002_CapteurMeteoWifi.SchLib
Replace Part C8 Condensator in C:\Users\dierickenbach\Dropbox\ETML-ES\Travail de Diplôme\2002_CapteurMeteoWifi\hard\2002_A_CapteurMeteoWifi\Schematics\2002_A_CapteurMeteoWifi.SchDoc with Condensator from 2002_CapteurMeteoWifi.SchLib
Replace Part C9 Condensator in C:\Users\dierickenbach\Dropbox\ETML-ES\Travail de Diplôme\2002_CapteurMeteoWifi\hard\2002_A_CapteurMeteoWifi\Schematics\2002_A_CapteurMeteoWifi.SchDoc with Condensator from 2002_CapteurMeteoWifi.SchLib
Replace Part C11 Condensator in C:\Users\dierickenbach\Dropbox\ETML-ES\Travail de Diplôme\2002_CapteurMeteoWifi\hard\2002_A_CapteurMeteoWifi\Schematics\2002_A_CapteurMeteoWifi.SchDoc with Condensator from 2002_CapteurMeteoWifi.SchLib
Replace Part C12 Condensator in C:\Users\dierickenbach\Dropbox\ETML-ES\Travail de Diplôme\2002_CapteurMeteoWifi\hard\2002_A_CapteurMeteoWifi\Schematics\2002_A_CapteurMeteoWifi.SchDoc with Condensator from 2002_CapteurMeteoWifi.SchLib
Replace Part D1 APTD2012LZGCK in C:\Users\dierickenbach\Dropbox\ETML-ES\Travail de Diplôme\2002_CapteurMeteoWifi\hard\2002_A_CapteurMeteoWifi\Schematics\2002_A_CapteurMeteoWifi.SchDoc with APTD2012LZGCK from 2002_CapteurMeteoWifi.SchLib
Replace Part J1 105164-0001 in C:\Users\dierickenbach\Dropbox\ETML-ES\Travail de Diplôme\2002_CapteurMeteoWifi\hard\2002_A_CapteurMeteoWifi\Schematics\2002_A_CapteurMeteoWifi.SchDoc with 105164-0001 from 2002_CapteurMeteoWifi.SchLib
Replace Part J2 76384-306LF in C:\Users\dierickenbach\Dropbox\ETML-ES\Travail de Diplôme\2002_CapteurMeteoWifi\hard\2002_A_CapteurMeteoWifi\Schematics\2002_A_CapteurMeteoWifi.SchDoc with 76384-306LF from 2002_CapteurMeteoWifi.SchLib
Replace Part J3 61301411121 in C:\Users\dierickenbach\Dropbox\ETML-ES\Travail de Diplôme\2002_CapteurMeteoWifi\hard\2002_A_CapteurMeteoWifi\Schematics\2002_A_CapteurMeteoWifi.SchDoc with 61301411121 from 2002_CapteurMeteoWifi.SchLib
Replace Part J4 61301411121 in C:\Users\dierickenbach\Dropbox\ETML-ES\Travail de Diplôme\2002_CapteurMeteoWifi\hard\2002_A_CapteurMeteoWifi\Schematics\2002_A_CapteurMeteoWifi.SchDoc with 61301411121 from 2002_CapteurMeteoWifi.SchLib
Replace Part J5 SEN-14193 in C:\Users\dierickenbach\Dropbox\ETML-ES\Travail de Diplôme\2002_CapteurMeteoWifi\hard\2002_A_CapteurMeteoWifi\Schematics\2002_A_CapteurMeteoWifi.SchDoc with SEN-14193 from 2002_CapteurMeteoWifi.SchLib
Replace Part JP1 Jumper in C:\Users\dierickenbach\Dropbox\ETML-ES\Travail de Diplôme\2002_CapteurMeteoWifi\hard\2002_A_CapteurMeteoWifi\Schematics\2002_A_CapteurMeteoWifi.SchDoc with Jumper from 2002_CapteurMeteoWifi.SchLib
Replace Part L1 CMP-2000-05196-1 in C:\Users\dierickenbach\Dropbox\ETML-ES\Travail de Diplôme\2002_CapteurMeteoWifi\hard\2002_A_CapteurMeteoWifi\Schematics\2002_A_CapteurMeteoWifi.SchDoc with CMP-2000-05196-1 from 2002_CapteurMeteoWifi.SchLib
Replace Part R1 Resistor in C:\Users\dierickenbach\Dropbox\ETML-ES\Travail de Diplôme\2002_CapteurMeteoWifi\hard\2002_A_CapteurMeteoWifi\Schematics\2002_A_CapteurMeteoWifi.SchDoc with Resistor from 2002_CapteurMeteoWifi.SchLib
Replace Part R2 Resistor in C:\Users\dierickenbach\Dropbox\ETML-ES\Travail de Diplôme\2002_CapteurMeteoWifi\hard\2002_A_CapteurMeteoWifi\Schematics\2002_A_CapteurMeteoWifi.SchDoc with Resistor from 2002_CapteurMeteoWifi.SchLib
Replace Part R3 Resistor in C:\Users\dierickenbach\Dropbox\ETML-ES\Travail de Diplôme\2002_CapteurMeteoWifi\hard\2002_A_CapteurMeteoWifi\Schematics\2002_A_CapteurMeteoWifi.SchDoc with Resistor from 2002_CapteurMeteoWifi.SchLib
Replace Part R4 Resistor in C:\Users\dierickenbach\Dropbox\ETML-ES\Travail de Diplôme\2002_CapteurMeteoWifi\hard\2002_A_CapteurMeteoWifi\Schematics\2002_A_CapteurMeteoWifi.SchDoc with Resistor from 2002_CapteurMeteoWifi.SchLib
Replace Part R5 Resistor in C:\Users\dierickenbach\Dropbox\ETML-ES\Travail de Diplôme\2002_CapteurMeteoWifi\hard\2002_A_CapteurMeteoWifi\Schematics\2002_A_CapteurMeteoWifi.SchDoc with Resistor from 2002_CapteurMeteoWifi.SchLib
Replace Part SW1 430181038816 in C:\Users\dierickenbach\Dropbox\ETML-ES\Travail de Diplôme\2002_CapteurMeteoWifi\hard\2002_A_CapteurMeteoWifi\Schematics\2002_A_CapteurMeteoWifi.SchDoc with 430181038816 from 2002_CapteurMeteoWifi.SchLib
Replace Part U1 CMP-2000-06288-1 in C:\Users\dierickenbach\Dropbox\ETML-ES\Travail de Diplôme\2002_CapteurMeteoWifi\hard\2002_A_CapteurMeteoWifi\Schematics\2002_A_CapteurMeteoWifi.SchDoc with CMP-2000-06288-1 from 2002_CapteurMeteoWifi.SchLib
Replace Part U2 PIC32MX130F256B-I_SS in C:\Users\dierickenbach\Dropbox\ETML-ES\Travail de Diplôme\2002_CapteurMeteoWifi\hard\2002_A_CapteurMeteoWifi\Schematics\2002_A_CapteurMeteoWifi.SchDoc with PIC32MX130F256B-I_SS from 2002_CapteurMeteoWifi.SchLib
Replace Part U3 MAX1793EUE33+ in C:\Users\dierickenbach\Dropbox\ETML-ES\Travail de Diplôme\2002_CapteurMeteoWifi\hard\2002_A_CapteurMeteoWifi\Schematics\2002_A_CapteurMeteoWifi.SchDoc with MAX1793EUE33+ from 2002_CapteurMeteoWifi.SchLib
Replace Part Wifi ESP click MIKROBUS HOST CONN._1 in C:\Users\dierickenbach\Dropbox\ETML-ES\Travail de Diplôme\2002_CapteurMeteoWifi\hard\2002_A_CapteurMeteoWifi\Schematics\2002_A_CapteurMeteoWifi.SchDoc with MIKROBUS HOST CONN._1 from 2002_CapteurMeteoWifi.SchLib
